[  1026.186] 
X.Org X Server 1.16.4
Release Date: 2014-12-20
[  1026.224] X Protocol Version 11, Revision 0
[  1026.236] Build Operating System: Linux 3.17-1-armmp armv7l Raspbian
[  1026.249] Current Operating System: Linux raspberrypi 4.1.13-v7+ #826 SMP PREEMPT Fri Nov 13 20:19:03 GMT 2015 armv7l
[  1026.249] Kernel command line: dma.dmachans=0x7f35 bcm2708_fb.fbwidth=1440 bcm2708_fb.fbheight=900 bcm2709.boardrev=0x1a21041 bcm2709.serial=0x122c80c5 smsc95xx.macaddr=B8:27:EB:2C:80:C5 bcm2708_fb.fbswap=1 bcm2709.disk_led_gpio=47 bcm2709.disk_led_active_low=0 sdhci-bcm2708.emmc_clock_freq=250000000 vc_mem.mem_base=0x3dc00000 vc_mem.mem_size=0x3f000000  dwc_otg.lpm_enable=0 console=ttyAMA0,115200 console=tty1 root=/dev/mmcblk0p2 rootfstype=ext4 elevator=deadline fsck.repair=yes rootwait
[  1026.299] Build Date: 18 February 2015  05:34:25PM
[  1026.311] xorg-server 2:1.16.4-1 (http://www.debian.org/support) 
[  1026.322] Current version of pixman: 0.33.3
[  1026.345] 	Before reporting problems, check http://wiki.x.org
	to make sure that you have the latest version.
[  1026.345] Markers: (--) probed, (**) from config file, (==) default setting,
	(++) from command line, (!!) notice, (II) informational,
	(WW) warning, (EE) error, (NI) not implemented, (??) unknown.
[  1026.388] (==) Log file: "/home/pi/.local/share/xorg/Xorg.0.log", Time: Sat Jan  9 08:19:26 2016
[  1026.388] (II) Loader magic: 0x54d07f18
[  1026.388] (II) Module ABI versions:
[  1026.388] 	X.Org ANSI C Emulation: 0.4
[  1026.388] 	X.Org Video Driver: 18.0
[  1026.388] 	X.Org XInput driver : 21.0
[  1026.388] 	X.Org Server Extension : 8.0
[  1026.389] (II) no primary bus or device found
[  1026.400] List of video drivers:
[  1026.410] 	mach64
[  1026.419] 	radeon
[  1026.428] 	ati
[  1026.437] 	r128
[  1026.445] 	nouveau
[  1026.452] 	vesa
[  1026.460] 	fbdev
[  1026.467] 	modesetting
[  1026.467] (II) LoadModule: "mach64"
[  1026.468] (II) Loading /usr/lib/xorg/modules/drivers/mach64_drv.so
[  1026.477] (II) Module mach64: vendor="X.Org Foundation"
[  1026.477] 	compiled for 1.16.1, module version = 6.9.4
[  1026.477] 	Module class: X.Org Video Driver
[  1026.477] 	ABI class: X.Org Video Driver, version 18.0
[  1026.477] (II) LoadModule: "radeon"
[  1026.478] (II) Loading /usr/lib/xorg/modules/drivers/radeon_drv.so
[  1026.496] (II) Module radeon: vendor="X.Org Foundation"
[  1026.496] 	compiled for 1.16.1, module version = 7.5.0
[  1026.496] 	Module class: X.Org Video Driver
[  1026.496] 	ABI class: X.Org Video Driver, version 18.0
[  1026.496] (II) LoadModule: "ati"
[  1026.497] (II) Loading /usr/lib/xorg/modules/drivers/ati_drv.so
[  1026.505] (II) Module ati: vendor="X.Org Foundation"
[  1026.505] 	compiled for 1.16.1, module version = 7.5.0
[  1026.505] 	Module class: X.Org Video Driver
[  1026.506] 	ABI class: X.Org Video Driver, version 18.0
[  1026.506] (II) LoadModule: "r128"
[  1026.506] (II) Loading /usr/lib/xorg/modules/drivers/r128_drv.so
[  1026.514] (II) Module r128: vendor="X.Org Foundation"
[  1026.515] 	compiled for 1.15.99.904, module version = 6.9.2
[  1026.515] 	Module class: X.Org Video Driver
[  1026.515] 	ABI class: X.Org Video Driver, version 18.0
[  1026.515] (II) LoadModule: "nouveau"
[  1026.515] (II) Loading /usr/lib/xorg/modules/drivers/nouveau_drv.so
[  1026.529] (II) Module nouveau: vendor="X.Org Foundation"
[  1026.529] 	compiled for 1.16.0, module version = 1.0.11
[  1026.529] 	Module class: X.Org Video Driver
[  1026.529] 	ABI class: X.Org Video Driver, version 18.0
[  1026.529] (II) LoadModule: "vesa"
[  1026.530] (II) Loading /usr/lib/xorg/modules/drivers/vesa_drv.so
[  1026.534] (II) Module vesa: vendor="X.Org Foundation"
[  1026.534] 	compiled for 1.15.99.904, module version = 2.3.3
[  1026.534] 	Module class: X.Org Video Driver
[  1026.534] 	ABI class: X.Org Video Driver, version 18.0
[  1026.534] (II) LoadModule: "fbdev"
[  1026.535] (II) Loading /usr/lib/xorg/modules/drivers/fbdev_drv.so
[  1026.535] (II) Module fbdev: vendor="X.Org Foundation"
[  1026.535] 	compiled for 1.15.99.904, module version = 0.4.4
[  1026.535] 	Module class: X.Org Video Driver
[  1026.535] 	ABI class: X.Org Video Driver, version 18.0
[  1026.535] (II) LoadModule: "modesetting"
[  1026.536] (II) Loading /usr/lib/xorg/modules/drivers/modesetting_drv.so
[  1026.536] (II) Module modesetting: vendor="X.Org Foundation"
[  1026.536] 	compiled for 1.16.4, module version = 0.9.0
[  1026.536] 	Module class: X.Org Video Driver
[  1026.536] 	ABI class: X.Org Video Driver, version 18.0
[  1026.536] (WW) Falling back to old probe method for vesa
[  1026.536] (WW) Falling back to old probe method for fbdev
[  1026.537] (WW) Falling back to old probe method for modesetting
[  1026.544] No devices to configure.  Configuration failed.
[  1026.545] (EE) Server terminated with error (2). Closing log file.
